6 -26.33c
4 -78.61f
9 33.60f
9 30.60c
13 99.18f
20 44.66f
12 56.31f
18 67.21f
17 -2.22f
21 41.42f
1 19.53f
1 -96.92f
1 2.99c
14 -47.68c
23 45.36c
23 60.17c
17 144.77f
7 -82.28f
1 -16.27f
22 -60.78f
18 46.30c
11 138.97f
23 -48.49c
15 115.77f
10 27.25c
10 -42.42c
3 2.71c
11 7.15c
18 62.19c
9 57.55c
0 -33.03f
2 -83.76f
0 -46.56c
1 59.15f
18 34.58c
14 113.85f
2 -41.16c
8 -50.03f
1 -22.49f
12 -49.76c
13 -56.72f
22 82.14f
5 -36.15c
18 49.18c
3 86.29f
2 105.59f
15 26.13f
2 61.57f
2 -0.40c
23 55.67c
12 95.55f
5 -17.48c
6 -60.46c
10 -60.47f
4 2.84c
21 -15.40c
5 31.73c
9 131.65f
0 55.54c
14 2.51f
12 -10.17c
0 -76.02f
5 34.31f
